sched=<./myschedulerrr> outdir=<outdir/>
./myschedulerrr -sF input0 ./rfile
./myschedulerrr -sL input0 ./rfile
./myschedulerrr -sS input0 ./rfile
./myschedulerrr -sR2 input0 ./rfile
./myschedulerrr -sR5 input0 ./rfile
./myschedulerrr -sP2 input0 ./rfile
./myschedulerrr -sP5:3 input0 ./rfile
./myschedulerrr -sE2:5 input0 ./rfile
./myschedulerrr -sE4 input0 ./rfile
./myschedulerrr -sF input1 ./rfile
./myschedulerrr -sL input1 ./rfile
./myschedulerrr -sS input1 ./rfile
./myschedulerrr -sR2 input1 ./rfile
./myschedulerrr -sR5 input1 ./rfile
./myschedulerrr -sP2 input1 ./rfile
./myschedulerrr -sP5:3 input1 ./rfile
./myschedulerrr -sE2:5 input1 ./rfile
./myschedulerrr -sE4 input1 ./rfile
./myschedulerrr -sF input2 ./rfile
./myschedulerrr -sL input2 ./rfile
./myschedulerrr -sS input2 ./rfile
./myschedulerrr -sR2 input2 ./rfile
./myschedulerrr -sR5 input2 ./rfile
./myschedulerrr -sP2 input2 ./rfile
./myschedulerrr -sP5:3 input2 ./rfile
./myschedulerrr -sE2:5 input2 ./rfile
./myschedulerrr -sE4 input2 ./rfile
./myschedulerrr -sF input3 ./rfile
./myschedulerrr -sL input3 ./rfile
./myschedulerrr -sS input3 ./rfile
./myschedulerrr -sR2 input3 ./rfile
./myschedulerrr -sR5 input3 ./rfile
./myschedulerrr -sP2 input3 ./rfile
./myschedulerrr -sP5:3 input3 ./rfile
./myschedulerrr -sE2:5 input3 ./rfile
./myschedulerrr -sE4 input3 ./rfile
./myschedulerrr -sF input4 ./rfile
./myschedulerrr -sL input4 ./rfile
./myschedulerrr -sS input4 ./rfile
./myschedulerrr -sR2 input4 ./rfile
./myschedulerrr -sR5 input4 ./rfile
./myschedulerrr -sP2 input4 ./rfile
./myschedulerrr -sP5:3 input4 ./rfile
./myschedulerrr -sE2:5 input4 ./rfile
./myschedulerrr -sE4 input4 ./rfile
./myschedulerrr -sF input5 ./rfile
./myschedulerrr -sL input5 ./rfile
./myschedulerrr -sS input5 ./rfile
./myschedulerrr -sR2 input5 ./rfile
./myschedulerrr -sR5 input5 ./rfile
./myschedulerrr -sP2 input5 ./rfile
./myschedulerrr -sP5:3 input5 ./rfile
./myschedulerrr -sE2:5 input5 ./rfile
./myschedulerrr -sE4 input5 ./rfile
./myschedulerrr -sF input6 ./rfile
./myschedulerrr -sL input6 ./rfile
./myschedulerrr -sS input6 ./rfile
./myschedulerrr -sR2 input6 ./rfile
./myschedulerrr -sR5 input6 ./rfile
./myschedulerrr -sP2 input6 ./rfile
./myschedulerrr -sP5:3 input6 ./rfile
./myschedulerrr -sE2:5 input6 ./rfile
./myschedulerrr -sE4 input6 ./rfile
./myschedulerrr -sF input7 ./rfile
./myschedulerrr -sL input7 ./rfile
./myschedulerrr -sS input7 ./rfile
./myschedulerrr -sR2 input7 ./rfile
./myschedulerrr -sR5 input7 ./rfile
./myschedulerrr -sP2 input7 ./rfile
./myschedulerrr -sP5:3 input7 ./rfile
./myschedulerrr -sE2:5 input7 ./rfile
./myschedulerrr -sE4 input7 ./rfile
